<?xml version="1.0" encoding="UTF-8"?>
<testng-results skipped="0" failed="0" total="1" passed="1">
  <reporter-output>
  </reporter-output>
  <suite name="Default suite" duration-ms="21682" started-at="2020-01-03T10:13:25Z" finished-at="2020-01-03T10:13:47Z">
    <groups>
    </groups>
    <test name="Default test" duration-ms="21682" started-at="2020-01-03T10:13:25Z" finished-at="2020-01-03T10:13:47Z">
      <class name="Scrrenshot">
        <test-method status="PASS" signature="TakeScreenShot()[pri:0, instance:Scrrenshot@14acaea5]" name="TakeScreenShot" duration-ms="21649" started-at="2020-01-03T15:43:26Z" finished-at="2020-01-03T15:43:47Z">
          <reporter-output>
          </reporter-output>
        </test-method> <!-- TakeScreenShot -->
      </class> <!-- Scrrenshot -->
    </test> <!-- Default test -->
  </suite> <!-- Default suite -->
</testng-results>
